Arguments: 
  C:\Program Files\nodejs\node.exe C:\Users\Zver\AppData\Roaming\npm\node_modules\yarn\bin\yarn.js add -D electron-connect gulp electron-is-dev prettier pretty-quick auto-changelog cross-env husky jestq uuid electron-log sass

PATH: 
  C:\Program Files (x86)\Common Files\Oracle\Java\javapath;C:\Python27\;C:\Python27\Scripts;C:\Program Files (x86)\Intel\iCLS Client\;C:\Program Files\Intel\iCLS Client\;C:\Windows\system32;C:\Windows;C:\Windows\System32\Wbem;C:\Windows\System32\WindowsPowerShell\v1.0\;C:\Program Files (x86)\Intel\Intel(R) Management Engine Components\DAL;C:\Program Files\Intel\Intel(R) Management Engine Components\DAL;C:\Program Files (x86)\Intel\Intel(R) Management Engine Components\IPT;C:\Program Files\Intel\Intel(R) Management Engine Components\IPT;C:\Program Files\Intel\WiFi\bin\;C:\Program Files\Common Files\Intel\WirelessCommon\;C:\Program Files (x86)\NVIDIA Corporation\PhysX\Common;C:\Program Files\Git\cmd;C:\MinGW\bin;C:\Program Files\TortoiseGit\bin;C:\ProgramData\chocolatey\bin;C:\Program Files (x86)\platform-tools;C:\Program Files\Java\jdk1.8.0_211\bin;C:\Program Files\nodejs\;C:\Program Files\dotnet\;C:\Users\Zver\.windows-build-tools\python27\;C:\Users\Zver\AppData\Roaming\npm\node_modules\npm\node_modules\npm-lifecycle\node-gyp-bin;C:\Users\Zver\AppData\Roaming\npm\node_modules\windows-build-tools\node_modules\.bin;C:\Users\Zver\AppData\Roaming\npm\node_modules\.bin;C:\ProgramData\DockerDesktop\version-bin;C:\Program Files\Docker\Docker\Resources\bin;C:\Program Files (x86)\Intel\iCLS Client\;C:\Program Files\Intel\iCLS Client\;C:\Program Files (x86)\Common Files\Oracle\Java\javapath;C:\Windows\system32;C:\Windows;C:\Windows\System32\Wbem;C:\Windows\System32\WindowsPowerShell\v1.0\;C:\Program Files (x86)\Intel\Intel(R) Management Engine Components\DAL;C:\Program Files\Intel\Intel(R) Management Engine Components\DAL;C:\Program Files (x86)\Intel\Intel(R) Management Engine Components\IPT;C:\Program Files\Intel\Intel(R) Management Engine Components\IPT;C:\Program Files\Intel\WiFi\bin\;C:\Program Files\Common Files\Intel\WirelessCommon\;C:\Program Files (x86)\NVIDIA Corporation\PhysX\Common;C:\Program Files\Git\cmd;C:\MinGW\bin;C:\Program Files\TortoiseGit\bin;C:\Program Files\nodejs\;C:\ProgramData\chocolatey\bin;C:\Users\Zver\AppData\Local\Programs\Python\Python37-32\Scripts\;C:\Users\Zver\AppData\Local\Programs\Python\Python37-32\;C:\Users\Zver\.windows-build-tools\python27;C:\Program Files\nodejs\node_modules\npm\bin\node-gyp-bin;C:\Users\Zver\AppData\Roaming\npm\node_modules\windows-build-tools\node_modules\.bin;C:\Users\Zver\AppData\Roaming\npm\node_modules\.bin;C:\Users\Zver\.windows-build-tools\python27\;C:\Program Files\nodejs\node_modules\npm\bin\node-gyp-bin;C:\Users\Zver\AppData\Roaming\npm\node_modules\windows-build-tools\node_modules\.bin;C:\Users\Zver\AppData\Roaming\npm\node_modules\.bin;C:\Users\Zver\AppData\Local\Microsoft\WindowsApps;C:\Users\Zver\AppData\Local\atom\bin;C:\Users\Zver\Downloads\openssl-0.9.8h-1-bin\bin;C:\Users\Zver\AppData\Local\Programs\Microsoft VS Code\bin;C:\Program Files\JetBrains\PyCharm Community Edition 2018.3.5\bin;C:\Program Files\JetBrains\PyCharm 2018.3.5\bin;C:\Program Files\JetBrains\WebStorm 2018.3.5\bin;C:\Users\Zver\AppData\Roaming\npm;C:\Users\Zver\AppData\Local\Google\Cloud SDK\google-cloud-sdk\bin;C:\Program Files\JetBrains\JetBrains Rider 2019.2.2\bin;;C:\Program Files\JetBrains\IntelliJ IDEA 2019.2.2\bin;;C:\Program Files\JetBrains\CLion 2019.2.2\bin;

Yarn version: 
  1.16.0

Node version: 
  11.15.0

Platform: 
  win32 x64

Trace: 
  Error: https://registry.yarnpkg.com/jestq: Not found
      at Request.params.callback [as _callback] (C:\Users\Zver\AppData\Roaming\npm\node_modules\yarn\lib\cli.js:66091:18)
      at Request.self.callback (C:\Users\Zver\AppData\Roaming\npm\node_modules\yarn\lib\cli.js:129590:22)
      at Request.emit (events.js:193:13)
      at Request.<anonymous> (C:\Users\Zver\AppData\Roaming\npm\node_modules\yarn\lib\cli.js:130562:10)
      at Request.emit (events.js:193:13)
      at IncomingMessage.<anonymous> (C:\Users\Zver\AppData\Roaming\npm\node_modules\yarn\lib\cli.js:130484:12)
      at Object.onceWrapper (events.js:281:20)
      at IncomingMessage.emit (events.js:198:15)
      at endReadableNT (_stream_readable.js:1139:12)
      at processTicksAndRejections (internal/process/task_queues.js:81:17)

npm manifest: 
  {
    "name": "electron-quick-start",
    "version": "1.0.0",
    "description": "A minimal Electron application",
    "main": "main.js",
    "scripts": {
      "start": "electron ."
    },
    "repository": "https://github.com/electron/electron-quick-start",
    "keywords": [
      "Electron",
      "quick",
      "start",
      "tutorial",
      "demo"
    ],
    "author": "GitHub",
    "license": "CC0-1.0",
    "devDependencies": {
      "electron": "^7.1.7"
    }
  }

yarn manifest: 
  No manifest

Lockfile: 
  No lockfile
